mod.c: In function ‘main’:
mod.c:31:28: warning: excess elements in scalar initializer
   31 |   const int *led_off = {0, 0, 0, 0, 0, 0, 0, 0};
      |                            ^
mod.c:31:28: note: (near initialization for ‘led_off’)
mod.c:31:31: warning: excess elements in scalar initializer
   31 |   const int *led_off = {0, 0, 0, 0, 0, 0, 0, 0};
      |                               ^
mod.c:31:31: note: (near initialization for ‘led_off’)
mod.c:31:34: warning: excess elements in scalar initializer
   31 |   const int *led_off = {0, 0, 0, 0, 0, 0, 0, 0};
      |                                  ^
mod.c:31:34: note: (near initialization for ‘led_off’)
mod.c:31:37: warning: excess elements in scalar initializer
   31 |   const int *led_off = {0, 0, 0, 0, 0, 0, 0, 0};
      |                                     ^
mod.c:31:37: note: (near initialization for ‘led_off’)
mod.c:31:40: warning: excess elements in scalar initializer
   31 |   const int *led_off = {0, 0, 0, 0, 0, 0, 0, 0};
      |                                        ^
mod.c:31:40: note: (near initialization for ‘led_off’)
mod.c:31:43: warning: excess elements in scalar initializer
   31 |   const int *led_off = {0, 0, 0, 0, 0, 0, 0, 0};
      |                                           ^
mod.c:31:43: note: (near initialization for ‘led_off’)
mod.c:31:46: warning: excess elements in scalar initializer
   31 |   const int *led_off = {0, 0, 0, 0, 0, 0, 0, 0};
      |                                              ^
mod.c:31:46: note: (near initialization for ‘led_off’)
mod.c:82:62: warning: passing argument 2 of ‘gpiod_chip_get_line’ makes integer from pointer without a cast [-Wint-conversion]
   82 |       printf("%i", gpiod_chip_get_line(chip, event_bulk.lines[j]));
      |                                              ~~~~~~~~~~~~~~~~^~~
      |                                                              |
      |                                                              struct gpiod_line *
In file included from mod.c:4:
../../buildroot-2020.02/output/host/arm-buildroot-linux-gnueabihf/sysroot/usr/include/gpiod.h:473:1: note: expected ‘unsigned int’ but argument is of type ‘struct gpiod_line *’
  473 | gpiod_chip_get_line(struct gpiod_chip *chip, unsigned int offset) GPIOD_API;
      | ^~~~~~~~~~~~~~~~~~~
